Determining if the pthread_create exist failed with the following output:
Change Dir: /home/ccri-car-2/cartographer_ws/build_isolated/cartographer_ros_msgs/CMakeFiles/CMakeTmp

Run Build Command:"/usr/bin/ninja" "cmTC_3a714"
[1/2] Building C object CMakeFiles/cmTC_3a714.dir/CheckSymbolExists.c.o
[2/2] Linking C executable cmTC_3a714
FAILED: cmTC_3a714 
: && /usr/bin/cc   -rdynamic CMakeFiles/cmTC_3a714.dir/CheckSymbolExists.c.o  -o cmTC_3a714   && :
CMakeFiles/cmTC_3a714.dir/CheckSymbolExists.c.o: In function `main':
CheckSymbolExists.c:(.text+0x14): undefined reference to `pthread_create'
CheckSymbolExists.c:(.text+0x18): undefined reference to `pthread_create'
collect2: error: ld returned 1 exit status
ninja: build stopped: subcommand failed.

File /home/ccri-car-2/cartographer_ws/build_isolated/cartographer_ros_msgs/CMakeFiles/CMakeTmp/CheckSymbolExists.c:
/* */
#include <pthread.h>

int main(int argc, char** argv)
{
  (void)argv;
#ifndef pthread_create
  return ((int*)(&pthread_create))[argc];
#else
  (void)argc;
  return 0;
#endif
}

Determining if the function pthread_create exists in the pthreads failed with the following output:
Change Dir: /home/ccri-car-2/cartographer_ws/build_isolated/cartographer_ros_msgs/CMakeFiles/CMakeTmp

Run Build Command:"/usr/bin/ninja" "cmTC_5eb4e"
[1/2] Building C object CMakeFiles/cmTC_5eb4e.dir/CheckFunctionExists.c.o
[2/2] Linking C executable cmTC_5eb4e
FAILED: cmTC_5eb4e 
: && /usr/bin/cc -DCHECK_FUNCTION_EXISTS=pthread_create  -rdynamic CMakeFiles/cmTC_5eb4e.dir/CheckFunctionExists.c.o  -o cmTC_5eb4e  -lpthreads && :
/usr/bin/ld: cannot find -lpthreads
collect2: error: ld returned 1 exit status
ninja: build stopped: subcommand failed.


