Determining if the pthread_create exist failed with the following output:
Change Dir: /home/ccri-car-2/cartographer_ws/build_isolated/cartographer_rviz/CMakeFiles/CMakeTmp

Run Build Command:"/usr/bin/ninja" "cmTC_6b393"
[1/2] Building C object CMakeFiles/cmTC_6b393.dir/CheckSymbolExists.c.o
[2/2] Linking C executable cmTC_6b393
FAILED: cmTC_6b393 
: && /usr/bin/cc   -rdynamic CMakeFiles/cmTC_6b393.dir/CheckSymbolExists.c.o  -o cmTC_6b393   && :
CMakeFiles/cmTC_6b393.dir/CheckSymbolExists.c.o: In function `main':
CheckSymbolExists.c:(.text+0x14): undefined reference to `pthread_create'
CheckSymbolExists.c:(.text+0x18): undefined reference to `pthread_create'
collect2: error: ld returned 1 exit status
ninja: build stopped: subcommand failed.

File /home/ccri-car-2/cartographer_ws/build_isolated/cartographer_rviz/CMakeFiles/CMakeTmp/CheckSymbolExists.c:
/* */
#include <pthread.h>

int main(int argc, char** argv)
{
  (void)argv;
#ifndef pthread_create
  return ((int*)(&pthread_create))[argc];
#else
  (void)argc;
  return 0;
#endif
}

Determining if the function pthread_create exists in the pthreads failed with the following output:
Change Dir: /home/ccri-car-2/cartographer_ws/build_isolated/cartographer_rviz/CMakeFiles/CMakeTmp

Run Build Command:"/usr/bin/ninja" "cmTC_644f5"
[1/2] Building C object CMakeFiles/cmTC_644f5.dir/CheckFunctionExists.c.o
[2/2] Linking C executable cmTC_644f5
FAILED: cmTC_644f5 
: && /usr/bin/cc -DCHECK_FUNCTION_EXISTS=pthread_create  -rdynamic CMakeFiles/cmTC_644f5.dir/CheckFunctionExists.c.o  -o cmTC_644f5  -lpthreads && :
/usr/bin/ld: cannot find -lpthreads
collect2: error: ld returned 1 exit status
ninja: build stopped: subcommand failed.


